2025-05-12T14:32:10.269Z GET /
2025-05-12T14:32:48.842Z GET /css/styles.css
2025-05-12T14:32:49.022Z GET /favicon.ico
2025-05-12T14:33:28.119Z POST /login
2025-05-12T14:33:28.209Z GET /css/styles.css
2025-05-12T14:34:09.622Z POST /login
2025-05-12T14:34:09.730Z GET /css/styles.css
2025-05-12T14:51:28.834Z GET /css/styles.css
2025-05-12T14:51:29.001Z GET /favicon.ico
2025-05-12T14:51:31.572Z GET /css/styles.css
2025-05-12T14:51:31.639Z GET /favicon.ico
2025-05-12T14:52:37.485Z GET /css/styles.css
2025-05-12T14:52:39.099Z GET /favicon.ico
2025-05-12T14:52:50.997Z POST /login
2025-05-12T14:52:51.533Z GET /css/styles.css
2025-05-12T14:55:58.400Z GET /css/styles.css
2025-05-12T14:55:59.518Z GET /favicon.ico
2025-05-12T14:56:15.409Z POST /contact
2025-05-12T14:56:15.520Z GET /css/styles.css
2025-05-12T14:56:25.652Z POST /login
2025-05-12T14:56:26.104Z GET /css/styles.css
2025-05-12T14:56:35.246Z POST /contact
2025-05-12T15:23:46.553Z GET /css/styles.css
2025-05-12T15:24:50.824Z POST /login
2025-05-12T15:24:51.597Z GET /css/styles.css
2025-05-12T15:26:33.724Z POST /contact
